2023-05-22 15:48:55 [info] Starting Nest application...
2023-05-22 15:48:55 [info] AppModule dependencies initialized
2023-05-22 15:48:55 [info] Nest application successfully started
2023-05-22 15:53:33 [info] Starting Nest application...
2023-05-22 15:53:33 [info] AppModule dependencies initialized
2023-05-22 15:53:34 [info] Nest application successfully started
2023-05-22 17:44:32 [info] Starting Nest application...
2023-05-22 17:44:32 [info] AppModule dependencies initialized
2023-05-22 17:44:33 [info] Nest application successfully started
2023-05-22 17:46:07 [info] Starting Nest application...
2023-05-22 17:46:07 [info] AppModule dependencies initialized
2023-05-22 17:46:07 [info] Nest application successfully started
2023-05-22 17:48:41 [info] Starting Nest application...
2023-05-22 17:48:41 [info] AppModule dependencies initialized
2023-05-22 17:48:41 [info] Nest application successfully started
2023-05-22 18:00:33 [info] Starting Nest application...
2023-05-22 18:00:33 [info] AppModule dependencies initialized
2023-05-22 18:00:34 [info] Nest application successfully started
2023-05-22 18:01:47 [info] Starting Nest application...
2023-05-22 18:01:47 [info] AppModule dependencies initialized
2023-05-22 18:01:47 [info] TypeOrmModule dependencies initialized
2023-05-22 18:01:47 [info] ConfigHostModule dependencies initialized
2023-05-22 18:01:47 [info] ConfigModule dependencies initialized
2023-05-22 18:01:47 [error] Unable to connect to the database. Retrying (1)...
2023-05-22 18:01:50 [error] Unable to connect to the database. Retrying (2)...
2023-05-22 18:01:53 [error] Unable to connect to the database. Retrying (3)...
2023-05-22 18:01:56 [error] Unable to connect to the database. Retrying (4)...
